
> client@0.1.0 start /Users/barry/dAppplayground/greeter/client
> react-scripts start

Starting the development server...

Browserslist: caniuse-lite is outdated. Please run:
npx browserslist@latest --update-db

Why you should do it regularly:
https://github.com/browserslist/browserslist#browsers-data-updating
Compiled with warnings.

./src/App.js
  Line 39:  'accounts' is assigned a value but never used         no-unused-vars
  Line 52:  'updatedGreeting' is assigned a value but never used  no-unused-vars

Search for the keywords to learn more about each warning.
To ignore, add // eslint-disable-next-line to the line before.

Compiling...
Compiled with warnings.

./src/App.js
  Line 39:  'accounts' is assigned a value but never used         no-unused-vars
  Line 52:  'updatedGreeting' is assigned a value but never used  no-unused-vars

Search for the keywords to learn more about each warning.
To ignore, add // eslint-disable-next-line to the line before.


> client@0.1.0 start /Users/barry/dAppplayground/greeter/client
> react-scripts start

Something is already running on port 3000.
Compiling...
Compiled with warnings.

./src/App.js
  Line 39:  'accounts' is assigned a value but never used         no-unused-vars
  Line 52:  'updatedGreeting' is assigned a value but never used  no-unused-vars

Search for the keywords to learn more about each warning.
To ignore, add // eslint-disable-next-line to the line before.

Compiling...
Compiled with warnings.

./src/App.js
  Line 39:  'accounts' is assigned a value but never used         no-unused-vars
  Line 52:  'updatedGreeting' is assigned a value but never used  no-unused-vars

Search for the keywords to learn more about each warning.
To ignore, add // eslint-disable-next-line to the line before.

